<?xml version="1.0" encoding="UTF-8"?>
<testng-results ignored="0" total="7" passed="7" failed="0" skipped="0">
  <reporter-output>
  </reporter-output>
  <suite started-at="2022-12-07T21:49:10 IST" name="Surefire suite" finished-at="2022-12-07T21:49:10 IST" duration-ms="509">
    <groups>
      <group name="cucumber">
        <method signature="AbstractTestNGCucumberTests.runScenario(io.cucumber.testng.PickleWrapper,io.cucumber.testng.FeatureWrapper)[pri:0, instance:runnersClasses.TestNg_TestRunner@2d9d4f9d]" name="runScenario" class="io.cucumber.testng.AbstractTestNGCucumberTests"/>
      </group> <!-- cucumber -->
    </groups>
    <test started-at="2022-12-07T21:49:10 IST" name="Surefire test" finished-at="2022-12-07T21:49:10 IST" duration-ms="509">
      <class name="runnersClasses.TestNg_TestRunner">
        <test-method is-config="true" signature="setUpClass(org.testng.ITestContext)[pri:0, instance:runnersClasses.TestNg_TestRunner@2d9d4f9d]" started-at="2022-12-07T21:49:10 IST" name="setUpClass" finished-at="2022-12-07T21:49:10 IST" duration-ms="331" status="PASS">
          <params>
            <param index="0">
              <value>
                <![CDATA[org.testng.TestRunner@3eb77ea8]]>
              </value>
            </param>
          </params>
          <reporter-output>
          </reporter-output>
        </test-method> <!-- setUpClass -->
        <test-method signature="runScenario(io.cucumber.testng.PickleWrapper,io.cucumber.testng.FeatureWrapper)[pri:0, instance:runnersClasses.TestNg_TestRunner@2d9d4f9d]" started-at="2022-12-07T21:49:10 IST" name="runScenario" description="Runs Cucumber Scenarios" data-provider="scenarios" finished-at="2022-12-07T21:49:10 IST" duration-ms="76" status="PASS">
          <params>
            <param index="0">
              <value>
                <![CDATA["HomePage default login"]]>
              </value>
            </param>
            <param index="1">
              <value>
                <![CDATA["Application Login"]]>
              </value>
            </param>
          </params>
          <reporter-output>
          </reporter-output>
        </test-method> <!-- runScenario -->
        <test-method signature="runScenario(io.cucumber.testng.PickleWrapper,io.cucumber.testng.FeatureWrapper)[pri:0, instance:runnersClasses.TestNg_TestRunner@2d9d4f9d]" started-at="2022-12-07T21:49:10 IST" name="runScenario" description="Runs Cucumber Scenarios" data-provider="scenarios" finished-at="2022-12-07T21:49:10 IST" duration-ms="4" status="PASS">
          <params>
            <param index="0">
              <value>
                <![CDATA["HomePage default login"]]>
              </value>
            </param>
            <param index="1">
              <value>
                <![CDATA["Application Login"]]>
              </value>
            </param>
          </params>
          <reporter-output>
          </reporter-output>
        </test-method> <!-- runScenario -->
        <test-method signature="runScenario(io.cucumber.testng.PickleWrapper,io.cucumber.testng.FeatureWrapper)[pri:0, instance:runnersClasses.TestNg_TestRunner@2d9d4f9d]" started-at="2022-12-07T21:49:10 IST" name="runScenario" description="Runs Cucumber Scenarios" data-provider="scenarios" finished-at="2022-12-07T21:49:10 IST" duration-ms="6" status="PASS">
          <params>
            <param index="0">
              <value>
                <![CDATA["HomePage default login"]]>
              </value>
            </param>
            <param index="1">
              <value>
                <![CDATA["Application Login"]]>
              </value>
            </param>
          </params>
          <reporter-output>
          </reporter-output>
        </test-method> <!-- runScenario -->
        <test-method signature="runScenario(io.cucumber.testng.PickleWrapper,io.cucumber.testng.FeatureWrapper)[pri:0, instance:runnersClasses.TestNg_TestRunner@2d9d4f9d]" started-at="2022-12-07T21:49:10 IST" name="runScenario" description="Runs Cucumber Scenarios" data-provider="scenarios" finished-at="2022-12-07T21:49:10 IST" duration-ms="5" status="PASS">
          <params>
            <param index="0">
              <value>
                <![CDATA["HomePage default login"]]>
              </value>
            </param>
            <param index="1">
              <value>
                <![CDATA["Application Login"]]>
              </value>
            </param>
          </params>
          <reporter-output>
          </reporter-output>
        </test-method> <!-- runScenario -->
        <test-method signature="runScenario(io.cucumber.testng.PickleWrapper,io.cucumber.testng.FeatureWrapper)[pri:0, instance:runnersClasses.TestNg_TestRunner@2d9d4f9d]" started-at="2022-12-07T21:49:10 IST" name="runScenario" description="Runs Cucumber Scenarios" data-provider="scenarios" finished-at="2022-12-07T21:49:10 IST" duration-ms="4" status="PASS">
          <params>
            <param index="0">
              <value>
                <![CDATA["HomePage default login"]]>
              </value>
            </param>
            <param index="1">
              <value>
                <![CDATA["Application Login"]]>
              </value>
            </param>
          </params>
          <reporter-output>
          </reporter-output>
        </test-method> <!-- runScenario -->
        <test-method signature="runScenario(io.cucumber.testng.PickleWrapper,io.cucumber.testng.FeatureWrapper)[pri:0, instance:runnersClasses.TestNg_TestRunner@2d9d4f9d]" started-at="2022-12-07T21:49:10 IST" name="runScenario" description="Runs Cucumber Scenarios" data-provider="scenarios" finished-at="2022-12-07T21:49:10 IST" duration-ms="4" status="PASS">
          <params>
            <param index="0">
              <value>
                <![CDATA["HomePage default login"]]>
              </value>
            </param>
            <param index="1">
              <value>
                <![CDATA["Application Login"]]>
              </value>
            </param>
          </params>
          <reporter-output>
          </reporter-output>
        </test-method> <!-- runScenario -->
        <test-method signature="runScenario(io.cucumber.testng.PickleWrapper,io.cucumber.testng.FeatureWrapper)[pri:0, instance:runnersClasses.TestNg_TestRunner@2d9d4f9d]" started-at="2022-12-07T21:49:10 IST" name="runScenario" description="Runs Cucumber Scenarios" data-provider="scenarios" finished-at="2022-12-07T21:49:10 IST" duration-ms="4" status="PASS">
          <params>
            <param index="0">
              <value>
                <![CDATA["HomePage default login"]]>
              </value>
            </param>
            <param index="1">
              <value>
                <![CDATA["Application signup"]]>
              </value>
            </param>
          </params>
          <reporter-output>
          </reporter-output>
        </test-method> <!-- runScenario -->
        <test-method is-config="true" signature="tearDownClass()[pri:0, instance:runnersClasses.TestNg_TestRunner@2d9d4f9d]" started-at="2022-12-07T21:49:10 IST" name="tearDownClass" finished-at="2022-12-07T21:49:10 IST" duration-ms="11" status="PASS">
          <reporter-output>
          </reporter-output>
        </test-method> <!-- tearDownClass -->
      </class> <!-- runnersClasses.TestNg_TestRunner -->
    </test> <!-- Surefire test -->
  </suite> <!-- Surefire suite -->
</testng-results>
