<?xml version="1.0" encoding="UTF-8"?>
<testsuite xmlns:xsi="http://www.w3.org/2001/XMLSchema-instance" xsi:noNamespaceSchemaLocation="https://maven.apache.org/surefire/maven-surefire-plugin/xsd/surefire-test-report.xsd" name="TestSuite" time="1.683" tests="8" errors="0" skipped="0" failures="0">
  <properties>
[...]
</properties>
  <testcase name="runScenario" classname="runnersClasses.TestNg_TestRunner" time="0.078"/>
  <testcase name="runScenario" classname="runnersClasses.TestNg_TestRunner" time="0.004"/>
  <testcase name="runScenario" classname="runnersClasses.TestNg_TestRunner" time="0.007"/>
  <testcase name="runScenario" classname="runnersClasses.TestNg_TestRunner" time="0.006"/>
  <testcase name="runScenario" classname="runnersClasses.TestNg_TestRunner" time="0.004"/>
  <testcase name="runScenario" classname="runnersClasses.TestNg_TestRunner" time="0.004"/>
  <testcase name="runScenario" classname="runnersClasses.TestNg_TestRunner" time="0.005"/>
  <testcase name="shouldAnswerWithTrue on shouldAnswerWithTrue(Cucumber.Cucumber_E2E_framework.AppTest)" classname="Cucumber.Cucumber_E2E_framework.AppTest" time="0.001"/>
</testsuite>